[0.009s] Invoking command in '/home/nifei/project/github/ros/demo_ws/build/demo_node': CMAKE_PREFIX_PATH=/opt/ros/humble /usr/bin/cmake /home/nifei/project/github/ros/demo_ws/src/demo_node -DCMAKE_INSTALL_PREFIX=/home/nifei/project/github/ros/demo_ws/install/demo_node
[0.059s] -- The C compiler identification is GNU 11.4.0
[0.107s] -- The CXX compiler identification is GNU 11.4.0
[0.113s] -- Detecting C compiler ABI info
[0.171s] -- Detecting C compiler ABI info - done
[0.177s] -- Check for working C compiler: /usr/bin/cc - skipped
[0.178s] -- Detecting C compile features
[0.178s] -- Detecting C compile features - done
[0.180s] -- Detecting CXX compiler ABI info
[0.248s] -- Detecting CXX compiler ABI info - done
[0.255s] -- Check for working CXX compiler: /usr/bin/c++ - skipped
[0.255s] -- Detecting CXX compile features
[0.256s] -- Detecting CXX compile features - done
[0.257s] -- Found ament_cmake: 1.3.12 (/opt/ros/humble/share/ament_cmake/cmake)
[0.386s] -- Found Python3: /usr/bin/python3 (found version "3.10.12") found components: Interpreter 
[0.460s] -- Found rclcpp: 16.0.14 (/opt/ros/humble/share/rclcpp/cmake)
[0.492s] -- Found rosidl_generator_c: 3.1.7 (/opt/ros/humble/share/rosidl_generator_c/cmake)
[0.495s] -- Found rosidl_adapter: 3.1.7 (/opt/ros/humble/share/rosidl_adapter/cmake)
[0.502s] -- Found rosidl_generator_cpp: 3.1.7 (/opt/ros/humble/share/rosidl_generator_cpp/cmake)
[0.512s] -- Using all available rosidl_typesupport_c: rosidl_typesupport_fastrtps_c;rosidl_typesupport_introspection_c
[0.528s] -- Using all available rosidl_typesupport_cpp: rosidl_typesupport_fastrtps_cpp;rosidl_typesupport_introspection_cpp
[0.564s] -- Found rmw_implementation_cmake: 6.1.2 (/opt/ros/humble/share/rmw_implementation_cmake/cmake)
[0.565s] -- Found rmw_fastrtps_cpp: 6.2.8 (/opt/ros/humble/share/rmw_fastrtps_cpp/cmake)
[0.634s] -- Found OpenSSL: /usr/lib/x86_64-linux-gnu/libcrypto.so (found version "3.0.2")  
[0.656s] -- Found FastRTPS: /opt/ros/humble/include  
[0.689s] -- Using RMW implementation 'rmw_fastrtps_cpp' as default
[0.695s] -- Looking for pthread.h
[0.766s] -- Looking for pthread.h - found
[0.766s] -- Performing Test CMAKE_HAVE_LIBC_PTHREAD
[0.831s] -- Performing Test CMAKE_HAVE_LIBC_PTHREAD - Success
[0.831s] -- Found Threads: TRUE  
[0.878s] -- Found ament_lint_auto: 0.12.14 (/opt/ros/humble/share/ament_lint_auto/cmake)
[0.949s] -- Added test 'lint_cmake' to check CMake code style
[0.950s] -- Added test 'xmllint' to check XML markup files
[0.952s] -- Configuring done
[0.957s] -- Generating done
[0.958s] -- Build files have been written to: /home/nifei/project/github/ros/demo_ws/build/demo_node
[0.966s] Invoked command in '/home/nifei/project/github/ros/demo_ws/build/demo_node' returned '0': CMAKE_PREFIX_PATH=/opt/ros/humble /usr/bin/cmake /home/nifei/project/github/ros/demo_ws/src/demo_node -DCMAKE_INSTALL_PREFIX=/home/nifei/project/github/ros/demo_ws/install/demo_node
[0.969s] Invoking command in '/home/nifei/project/github/ros/demo_ws/build/demo_node': CMAKE_PREFIX_PATH=/opt/ros/humble /usr/bin/cmake --build /home/nifei/project/github/ros/demo_ws/build/demo_node -- -j4 -l4
[1.000s] Invoked command in '/home/nifei/project/github/ros/demo_ws/build/demo_node' returned '0': CMAKE_PREFIX_PATH=/opt/ros/humble /usr/bin/cmake --build /home/nifei/project/github/ros/demo_ws/build/demo_node -- -j4 -l4
[1.010s] Invoking command in '/home/nifei/project/github/ros/demo_ws/build/demo_node': CMAKE_PREFIX_PATH=/opt/ros/humble /usr/bin/cmake --install /home/nifei/project/github/ros/demo_ws/build/demo_node
[1.016s] -- Install configuration: ""
[1.017s] -- Installing: /home/nifei/project/github/ros/demo_ws/install/demo_node/share/ament_index/resource_index/package_run_dependencies/demo_node
[1.017s] -- Installing: /home/nifei/project/github/ros/demo_ws/install/demo_node/share/ament_index/resource_index/parent_prefix_path/demo_node
[1.017s] -- Installing: /home/nifei/project/github/ros/demo_ws/install/demo_node/share/demo_node/environment/ament_prefix_path.sh
[1.017s] -- Installing: /home/nifei/project/github/ros/demo_ws/install/demo_node/share/demo_node/environment/ament_prefix_path.dsv
[1.017s] -- Installing: /home/nifei/project/github/ros/demo_ws/install/demo_node/share/demo_node/environment/path.sh
[1.018s] -- Installing: /home/nifei/project/github/ros/demo_ws/install/demo_node/share/demo_node/environment/path.dsv
[1.018s] -- Installing: /home/nifei/project/github/ros/demo_ws/install/demo_node/share/demo_node/local_setup.bash
[1.018s] -- Installing: /home/nifei/project/github/ros/demo_ws/install/demo_node/share/demo_node/local_setup.sh
[1.018s] -- Installing: /home/nifei/project/github/ros/demo_ws/install/demo_node/share/demo_node/local_setup.zsh
[1.019s] -- Installing: /home/nifei/project/github/ros/demo_ws/install/demo_node/share/demo_node/local_setup.dsv
[1.019s] -- Installing: /home/nifei/project/github/ros/demo_ws/install/demo_node/share/demo_node/package.dsv
[1.019s] -- Installing: /home/nifei/project/github/ros/demo_ws/install/demo_node/share/ament_index/resource_index/packages/demo_node
[1.019s] -- Installing: /home/nifei/project/github/ros/demo_ws/install/demo_node/share/demo_node/cmake/demo_nodeConfig.cmake
[1.019s] -- Installing: /home/nifei/project/github/ros/demo_ws/install/demo_node/share/demo_node/cmake/demo_nodeConfig-version.cmake
[1.019s] -- Installing: /home/nifei/project/github/ros/demo_ws/install/demo_node/share/demo_node/package.xml
[1.022s] Invoked command in '/home/nifei/project/github/ros/demo_ws/build/demo_node' returned '0': CMAKE_PREFIX_PATH=/opt/ros/humble /usr/bin/cmake --install /home/nifei/project/github/ros/demo_ws/build/demo_node
